2025-10-25 17:08:00,047 - INFO - Starting hybrid autonomous flight with config: data\phase1_params.json
2025-10-25 17:08:00,048 - INFO - Loaded config: Phase 1 - Basic Gate Course
2025-10-25 17:08:00,048 - INFO - Waypoints: 3
2025-10-25 17:08:00,048 - INFO - Time-based navigation: 30.0 cm/s at power 30
2025-10-25 17:08:00,785 - INFO - Pairing drone...
2025-10-25 17:08:01,374 - INFO - Battery: 64%
2025-10-25 17:08:01,374 - INFO - Processing waypoint 0: start
2025-10-25 17:08:01,375 - INFO - Takeoff to 80 cm
2025-10-25 17:08:08,548 - INFO - Reached target height: 77.5 cm
2025-10-25 17:08:09,075 - INFO - Takeoff complete at 90.6 cm
2025-10-25 17:08:09,075 - INFO - Processing waypoint 1: gate_1
2025-10-25 17:08:09,075 - INFO - Adjusting to gate height: 100 cm for gate_1
2025-10-25 17:08:11,752 - INFO - Reached target height: 97.8 cm
2025-10-25 17:08:12,064 - INFO - Moving forward 200 cm to gate_1
2025-10-25 17:08:12,064 - INFO - Time-based forward: 200 cm at 30.0 cm/s = 6.67 sec
2025-10-25 17:08:18,732 - INFO - Forward movement complete: 200 cm
2025-10-25 17:08:19,059 - INFO - Passed gate_1 at height 84.4 cm
2025-10-25 17:08:19,059 - INFO - Processing waypoint 2: landing_target
2025-10-25 17:08:19,059 - INFO - Approaching landing_target, distance: 150 cm
2025-10-25 17:08:19,060 - INFO - Time-based forward: 150 cm at 30.0 cm/s = 5.00 sec
2025-10-25 17:08:24,105 - INFO - Forward movement complete: 150 cm
2025-10-25 17:08:24,618 - INFO - Descending to landing height: 30 cm
2025-10-25 17:08:32,930 - WARNING - Height timeout. Target: 30, Current: 999.9 cm
2025-10-25 17:08:33,446 - INFO - Executing landing
2025-10-25 17:08:39,632 - INFO - Landing complete at landing_target
2025-10-25 17:08:39,632 - INFO - Flight sequence complete!
2025-10-25 17:08:39,943 - INFO - Drone disconnected
